[    0.000000] Initializing cgroup subsys cpuset
[    0.000000] Initializing cgroup subsys cpu
[    0.000000] Initializing cgroup subsys cpuacct
[    0.000000] Linux version 4.4.0-165-generic (buildd@lgw01-amd64-027) (gcc version 5.4.0 20160609 (Ubuntu 5.4.0-6ubuntu1~16.04.10) ) #193-Ubuntu SMP Tue Sep 17 17:42:52 UTC 2019 (Ubuntu 4.4.0-165.193-generic 4.4.189)
[    0.000000] Command line: BOOT_IMAGE=/boot/vmlinuz-4.4.0-165-generic root=LABEL=cloudimg-rootfs ro console=tty1 console=ttyS0
[    0.000000] KERNEL supported cpus:
[    0.000000]   Intel GenuineIntel
[    0.000000]   AMD AuthenticAMD
[    0.000000]   Centaur CentaurHauls
[    0.000000] x86/fpu: xstate_offset[2]:  576, xstate_sizes[2]:  256
[    0.000000] x86/fpu: Supporting XSAVE feature 0x01: 'x87 floating point registers'
[    0.000000] x86/fpu: Supporting XSAVE feature 0x02: 'SSE registers'
[    0.000000] x86/fpu: Supporting XSAVE feature 0x04: 'AVX registers'
[    0.000000] x86/fpu: Enabled xstate features 0x7, context size is 832 bytes, using 'standard' format.
[    0.000000] e820: BIOS-provided physical RAM map:
[    0.000000] BIOS-e820: [mem 0x0000000000000000-0x000000000009fbff] usable
[    0.000000] BIOS-e820: [mem 0x000000000009fc00-0x000000000009ffff] reserved
[    0.000000] BIOS-e820: [mem 0x00000000000f0000-0x00000000000fffff] reserved
[    0.000000] BIOS-e820: [mem 0x0000000000100000-0x000000003ffeffff] usable
[    0.000000] BIOS-e820: [mem 0x000000003fff0000-0x000000003fffffff] ACPI data
[    0.000000] BIOS-e820: [mem 0x00000000fec00000-0x00000000fec00fff] reserved
[    0.000000] BIOS-e820: [mem 0x00000000fee00000-0x00000000fee00fff] reserved
[    0.000000] BIOS-e820: [mem 0x00000000fffc0000-0x00000000ffffffff] reserved
[    0.000000] NX (Execute Disable) protection: active
[    0.000000] SMBIOS 2.5 present.
[    0.000000] Hypervisor detected: KVM
[    0.000000] Kernel/User page tables isolation: disabled
[    0.000000] e820: last_pfn = 0x3fff0 max_arch_pfn = 0x400000000
[    0.000000] MTRR: Disabled
[    0.000000] x86/PAT: MTRRs disabled, skipping PAT initialization too.
[    0.000000] CPU MTRRs all blank - virtualized system.
[    0.000000] x86/PAT: Configuration [0-7]: WB  WT  UC- UC  WB  WT  UC- UC  
[    0.000000] found SMP MP-table at [mem 0x0009fff0-0x0009ffff] mapped at [ffff88000009fff0]
[    0.000000] Scanning 1 areas for low memory corruption
[    0.000000] RAMDISK: [mem 0x362fa000-0x37174fff]
[    0.000000] ACPI: Early table checksum verification disabled
[    0.000000] ACPI: RSDP 0x00000000000E0000 000024 (v02 VBOX  )
[    0.000000] ACPI: XSDT 0x000000003FFF0030 00003C (v01 VBOX   VBOXXSDT 00000001 ASL  00000061)
[    0.000000] ACPI: FACP 0x000000003FFF00F0 0000F4 (v04 VBOX   VBOXFACP 00000001 ASL  00000061)
[    0.000000] ACPI: DSDT 0x000000003FFF0470 0022EA (v02 VBOX   VBOXBIOS 00000002 INTL 20100528)
[    0.000000] ACPI: FACS 0x000000003FFF0200 000040
[    0.000000] ACPI: FACS 0x000000003FFF0200 000040
[    0.000000] ACPI: APIC 0x000000003FFF0240 00005C (v02 VBOX   VBOXAPIC 00000001 ASL  00000061)
[    0.000000] ACPI: SSDT 0x000000003FFF02A0 0001CC (v01 VBOX   VBOXCPUT 00000002 INTL 20100528)
[    0.000000] No NUMA configuration found
[    0.000000] Faking a node at [mem 0x0000000000000000-0x000000003ffeffff]
[    0.000000] NODE_DATA(0) allocated [mem 0x3ffeb000-0x3ffeffff]
[    0.000000] kvm-clock: Using msrs 4b564d01 and 4b564d00
[    0.000000] kvm-clock: cpu 0, msr 0:3ffe3001, primary cpu clock
[    0.000000] kvm-clock: using sched offset of 3240910105 cycles
[    0.000000] clocksource: kvm-clock: mask: 0xffffffffffffffff max_cycles: 0x1cd42e4dffb, max_idle_ns: 881590591483 ns
[    0.000000] Zone ranges:
[    0.000000]   DMA      [mem 0x0000000000001000-0x0000000000ffffff]
[    0.000000]   DMA32    [mem 0x0000000001000000-0x000000003ffeffff]
[    0.000000]   Normal   empty
[    0.000000]   Device   empty
[    0.000000] Movable zone start for each node
[    0.000000] Early memory node ranges
[    0.000000]   node   0: [mem 0x0000000000001000-0x000000000009efff]
[    0.000000]   node   0: [mem 0x0000000000100000-0x000000003ffeffff]
[    0.000000] Initmem setup node 0 [mem 0x0000000000001000-0x000000003ffeffff]
[    0.000000] ACPI: PM-Timer IO Port: 0x4008
[    0.000000] IOAPIC[0]: apic_id 2, version 32, address 0xfec00000, GSI 0-23
[    0.000000] ACPI: INT_SRC_OVR (bus 0 bus_irq 0 global_irq 2 dfl dfl)
[    0.000000] ACPI: INT_SRC_OVR (bus 0 bus_irq 9 global_irq 9 low level)
[    0.000000] Using ACPI (MADT) for SMP configuration information
[    0.000000] smpboot: Allowing 2 CPUs, 0 hotplug CPUs
[    0.000000] PM: Registered nosave memory: [mem 0x00000000-0x00000fff]
[    0.000000] PM: Registered nosave memory: [mem 0x0009f000-0x0009ffff]
[    0.000000] PM: Registered nosave memory: [mem 0x000a0000-0x000effff]
[    0.000000] PM: Registered nosave memory: [mem 0x000f0000-0x000fffff]
[    0.000000] e820: [mem 0x40000000-0xfebfffff] available for PCI devices
[    0.000000] Booting paravirtualized kernel on KVM
[    0.000000] clocksource: refined-jiffies: mask: 0xffffffff max_cycles: 0xffffffff, max_idle_ns: 7645519600211568 ns
[    0.000000] setup_percpu: NR_CPUS:512 nr_cpumask_bits:512 nr_cpu_ids:2 nr_node_ids:1
[    0.000000] PERCPU: Embedded 34 pages/cpu @ffff88003fc00000 s99544 r8192 d31528 u1048576
[    0.000000] Built 1 zonelists in Node order, mobility grouping on.  Total pages: 257912
[    0.000000] Policy zone: DMA32
[    0.000000] Kernel command line: BOOT_IMAGE=/boot/vmlinuz-4.4.0-165-generic root=LABEL=cloudimg-rootfs ro console=tty1 console=ttyS0
[    0.000000] PID hash table entries: 4096 (order: 3, 32768 bytes)
[    0.000000] Memory: 997732K/1048120K available (8621K kernel code, 1335K rwdata, 4032K rodata, 1484K init, 1284K bss, 50388K reserved, 0K cma-reserved)
[    0.000000] SLUB: HWalign=64, Order=0-3, MinObjects=0, CPUs=2, Nodes=1
[    0.000000] Hierarchical RCU implementation.
[    0.000000] 	Build-time adjustment of leaf fanout to 64.
[    0.000000] 	RCU restricting CPUs from NR_CPUS=512 to nr_cpu_ids=2.
[    0.000000] RCU: Adjusting geometry for rcu_fanout_leaf=64, nr_cpu_ids=2
[    0.000000] NR_IRQS:33024 nr_irqs:440 16
[    0.000000] Console: colour VGA+ 80x25
[    0.000000] console [tty1] enabled
[    0.000000] console [ttyS0] enabled
[    0.000000] tsc: Detected 1992.002 MHz processor
[    0.120836] Calibrating delay loop (skipped) preset value.. 3984.00 BogoMIPS (lpj=7968008)
[    0.122080] pid_max: default: 32768 minimum: 301
[    0.122723] ACPI: Core revision 20150930
[    0.123913] ACPI: 2 ACPI AML tables successfully acquired and loaded
[    0.125051] Security Framework initialized
[    0.125719] Yama: becoming mindful.
[    0.126808] AppArmor: AppArmor initialized
[    0.127536] Dentry cache hash table entries: 131072 (order: 8, 1048576 bytes)
[    0.128647] Inode-cache hash table entries: 65536 (order: 7, 524288 bytes)
[    0.131670] Mount-cache hash table entries: 2048 (order: 2, 16384 bytes)
[    0.132605] Mountpoint-cache hash table entries: 2048 (order: 2, 16384 bytes)
[    0.133623] Initializing cgroup subsys io
[    0.134285] Initializing cgroup subsys memory
[    0.135011] Initializing cgroup subsys devices
[    0.135761] Initializing cgroup subsys freezer
[    0.136403] Initializing cgroup subsys net_cls
[    0.137140] Initializing cgroup subsys perf_event
[    0.137830] Initializing cgroup subsys net_prio
[    0.138484] Initializing cgroup subsys hugetlb
[    0.139238] Initializing cgroup subsys pids
[    0.140965] mce: CPU supports 0 MCE banks
[    0.141574] Last level iTLB entries: 4KB 64, 2MB 8, 4MB 8
[    0.142294] Last level dTLB entries: 4KB 64, 2MB 0, 4MB 0, 1GB 4
[    0.143169] Spectre V1 : Mitigation: usercopy/swapgs barriers and __user pointer sanitization
[    0.144550] Spectre V2 : Mitigation: Enhanced IBRS
[    0.145331] Spectre V2 : Spectre v2 / SpectreRSB mitigation: Filling RSB on context switch
[    0.146729] Speculative Store Bypass: Vulnerable
[    0.149573] Freeing SMP alternatives memory: 36K
[    0.154727] ftrace: allocating 32318 entries in 127 pages
[    0.190188] smpboot: APIC(0) Converting physical 0 to logical package 0
[    0.191138] smpboot: Max logical packages: 1
[    0.191942] x2apic enabled
[    0.192645] Switched APIC routing to physical x2apic.
[    0.194140] ..TIMER: vector=0x30 apic1=0 pin1=2 apic2=-1 pin2=-1
[    0.300673] smpboot: CPU0: Intel(R) Core(TM) i7-8565U CPU @ 1.80GHz (family: 0x6, model: 0x8e, stepping: 0xc)
[    0.302367] Performance Events: unsupported p6 CPU model 142 no PMU driver, software events only.
[    0.310933] KVM setup paravirtual spinlock
[    0.312027] x86: Booting SMP configuration:
[    0.312737] .... node  #0, CPUs:      #1
[    0.313503] kvm-clock: cpu 1, msr 0:3ffe3041, secondary cpu clock
[    0.315229] mce: CPU supports 0 MCE banks
[    0.317653] x86: Booted up 1 node, 2 CPUs
[    0.318354] smpboot: Total of 2 processors activated (7968.00 BogoMIPS)
[    0.319599] devtmpfs: initialized
[    0.321828] evm: security.selinux
[    0.322461] evm: security.SMACK64
[    0.322978] evm: security.SMACK64EXEC
[    0.323584] evm: security.SMACK64TRANSMUTE
[    0.324160] evm: security.SMACK64MMAP
[    0.324748] evm: security.ima
[    0.325313] evm: security.capability
[    0.326093] clocksource: jiffies: mask: 0xffffffff max_cycles: 0xffffffff, max_idle_ns: 7645041785100000 ns
[    0.327681] futex hash table entries: 512 (order: 3, 32768 bytes)
[    0.328731] pinctrl core: initialized pinctrl subsystem
[    0.329631] RTC time: 15:20:28, date: 10/15/19
[    0.332801] NET: Registered protocol family 16
[    0.345923] cpuidle: using governor ladder
[    0.357472] cpuidle: using governor menu
[    0.358265] PCCT header not found.
[    0.358944] ACPI: bus type PCI registered
[    0.359634] acpiphp: ACPI Hot Plug PCI Controller Driver version: 0.5
[    0.360733] PCI: Using configuration type 1 for base access
[    0.374589] ACPI: Added _OSI(Module Device)
[    0.375412] ACPI: Added _OSI(Processor Device)
[    0.376051] ACPI: Added _OSI(3.0 _SCP Extensions)
[    0.376774] ACPI: Added _OSI(Processor Aggregator Device)
[    0.378073] ACPI: Executed 1 blocks of module-level executable AML code
[    0.380374] ACPI: Interpreter enabled
[    0.380979] ACPI: (supports S0 S5)
[    0.381513] ACPI: Using IOAPIC for interrupt routing
[    0.382385] PCI: Using host bridge windows from ACPI; if necessary, use "pci=nocrs" and report a bug
[    0.386050] ACPI: PCI Root Bridge [PCI0] (domain 0000 [bus 00-ff])
[    0.386839] acpi PNP0A03:00: _OSC: OS supports [ASPM ClockPM Segments MSI]
[    0.387888] acpi PNP0A03:00: _OSC: not requesting OS control; OS requires [ExtendedConfig ASPM ClockPM MSI]
[    0.389181] acpi PNP0A03:00: fail to add MMCONFIG information, can't access extended PCI configuration space under this bridge.
[    0.390841] PCI host bridge to bus 0000:00
[    0.391401] pci_bus 0000:00: root bus resource [io  0x0000-0x0cf7 window]
[    0.392337] pci_bus 0000:00: root bus resource [io  0x0d00-0xffff window]
[    0.393274] pci_bus 0000:00: root bus resource [mem 0x000a0000-0x000bffff window]
[    0.394455] pci_bus 0000:00: root bus resource [mem 0x40000000-0xfdffffff window]
[    0.395523] pci_bus 0000:00: root bus resource [bus 00-ff]
[    0.398040] pci 0000:00:01.1: legacy IDE quirk: reg 0x10: [io  0x01f0-0x01f7]
[    0.399700] pci 0000:00:01.1: legacy IDE quirk: reg 0x14: [io  0x03f6]
[    0.400558] pci 0000:00:01.1: legacy IDE quirk: reg 0x18: [io  0x0170-0x0177]
[    0.401488] pci 0000:00:01.1: legacy IDE quirk: reg 0x1c: [io  0x0376]
[    0.413756] pci 0000:00:07.0: quirk: [io  0x4000-0x403f] claimed by PIIX4 ACPI
[    0.421610] pci 0000:00:07.0: quirk: [io  0x4100-0x410f] claimed by PIIX4 SMB
[    0.428784] ACPI: PCI Interrupt Link [LNKA] (IRQs 5 9 10 *11)
[    0.430197] ACPI: PCI Interrupt Link [LNKB] (IRQs 5 9 *10 11)
[    0.431389] ACPI: PCI Interrupt Link [LNKC] (IRQs 5 *9 10 11)
[    0.432648] ACPI: PCI Interrupt Link [LNKD] (IRQs 5 9 10 *11)
[    0.434304] ACPI: Enabled 2 GPEs in block 00 to 07
[    0.435418] vgaarb: setting as boot device: PCI:0000:00:02.0
[    0.436303] vgaarb: device added: PCI:0000:00:02.0,decodes=io+mem,owns=io+mem,locks=none
[    0.437487] vgaarb: loaded
[    0.438008] vgaarb: bridge control possible 0000:00:02.0
[    0.438972] SCSI subsystem initialized
[    0.439701] ACPI: bus type USB registered
[    0.440460] usbcore: registered new interface driver usbfs
[    0.441537] usbcore: registered new interface driver hub
[    0.442367] usbcore: registered new device driver usb
[    0.443545] PCI: Using ACPI for IRQ routing
[    0.444521] NetLabel: Initializing
[    0.445108] NetLabel:  domain hash size = 128
[    0.445787] NetLabel:  protocols = UNLABELED CIPSOv4
[    0.446515] NetLabel:  unlabeled traffic allowed by default
[    0.447586] amd_nb: Cannot enumerate AMD northbridges
[    0.448486] clocksource: Switched to clocksource kvm-clock
[    0.457160] AppArmor: AppArmor Filesystem Enabled
[    0.457929] pnp: PnP ACPI init
[    0.458907] pnp: PnP ACPI: found 3 devices
[    0.467986] clocksource: acpi_pm: mask: 0xffffff max_cycles: 0xffffff, max_idle_ns: 2085701024 ns
[    0.469367] NET: Registered protocol family 2
[    0.470163] TCP established hash table entries: 8192 (order: 4, 65536 bytes)
[    0.471110] TCP bind hash table entries: 8192 (order: 5, 131072 bytes)
[    0.471995] TCP: Hash tables configured (established 8192 bind 8192)
[    0.472837] UDP hash table entries: 512 (order: 2, 16384 bytes)
[    0.473651] UDP-Lite hash table entries: 512 (order: 2, 16384 bytes)
[    0.474498] NET: Registered protocol family 1
[    0.475424] pci 0000:00:00.0: Limiting direct PCI/PCI transfers
[    0.476251] pci 0000:00:01.0: Activating ISA DMA hang workarounds
[    0.479234] Unpacking initramfs...
[    0.675386] Freeing initrd memory: 14828K
[    0.676130] clocksource: tsc: mask: 0xffffffffffffffff max_cycles: 0x396d566cf43, max_idle_ns: 881590760263 ns
[    0.677740] platform rtc_cmos: registered platform RTC device (no PNP device found)
[    0.679211] Scanning for low memory corruption every 60 seconds
[    0.680658] audit: initializing netlink subsys (disabled)
[    0.681390] audit: type=2000 audit(1571152833.075:1): initialized
[    0.682364] Initialise system trusted keyring
[    0.683355] HugeTLB registered 2 MB page size, pre-allocated 0 pages
[    0.685072] zbud: loaded
[    0.685721] VFS: Disk quotas dquot_6.6.0
[    0.686299] VFS: Dquot-cache hash table entries: 512 (order 0, 4096 bytes)
[    0.687349] squashfs: version 4.0 (2009/01/31) Phillip Lougher
[    0.688404] fuse init (API version 7.23)
[    0.689182] Key type big_key registered
[    0.690123] Allocating IMA MOK and blacklist keyrings.
[    0.694549] Key type asymmetric registered
[    0.695521] Asymmetric key parser 'x509' registered
[    0.696235] Block layer SCSI generic (bsg) driver version 0.4 loaded (major 249)
[    0.697379] io scheduler noop registered
[    0.698034] io scheduler deadline registered (default)
[    0.698778] io scheduler cfq registered
[    0.699474] pci_hotplug: PCI Hot Plug PCI Core version: 0.5
[    0.700388] pciehp: PCI Express Hot Plug Controller Driver version: 0.4
[    0.701468] ACPI: AC Adapter [AC] (on-line)
[    0.702148] input: Power Button as /devices/LNXSYSTM:00/LNXPWRBN:00/input/input0
[    0.703183] ACPI: Power Button [PWRF]
[    0.703783] input: Sleep Button as /devices/LNXSYSTM:00/LNXSLPBN:00/input/input1
[    0.705105] ACPI: Sleep Button [SLPF]
[    0.705927] GHES: HEST is not enabled!
[    0.706399] ACPI: Battery Slot [BAT0] (battery present)
[    0.707367] Serial: 8250/16550 driver, 32 ports, IRQ sharing enabled
[    0.728537] 00:02: ttyS0 at I/O 0x3f8 (irq = 4, base_baud = 115200) is a 16550A
[    0.731726] Linux agpgart interface v0.103
[    0.733480] loop: module loaded
[    0.734288] scsi host0: ata_piix
[    0.734822] scsi host1: ata_piix
[    0.735294] ata1: PATA max UDMA/33 cmd 0x1f0 ctl 0x3f6 bmdma 0xd000 irq 14
[    0.736059] ata2: PATA max UDMA/33 cmd 0x170 ctl 0x376 bmdma 0xd008 irq 15
[    0.737259] libphy: Fixed MDIO Bus: probed
[    0.737875] tun: Universal TUN/TAP device driver, 1.6
[    0.738521] tun: (C) 1999-2004 Max Krasnyansky <maxk@qualcomm.com>
[    0.739327] PPP generic driver version 2.4.2
[    0.739919] ehci_hcd: USB 2.0 'Enhanced' Host Controller (EHCI) Driver
[    0.740725] ehci-pci: EHCI PCI platform driver
[    0.741420] ehci-platform: EHCI generic platform driver
[    0.742128] ohci_hcd: USB 1.1 'Open' Host Controller (OHCI) Driver
[    0.742830] ohci-pci: OHCI PCI platform driver
[    0.743449] ohci-platform: OHCI generic platform driver
[    0.744140] uhci_hcd: USB Universal Host Controller Interface driver
[    0.745063] i8042: PNP: PS/2 Controller [PNP0303:PS2K,PNP0f03:PS2M] at 0x60,0x64 irq 1,12
[    0.746583] serio: i8042 KBD port at 0x60,0x64 irq 1
[    0.747272] serio: i8042 AUX port at 0x60,0x64 irq 12
[    0.748000] mousedev: PS/2 mouse device common for all mice
[    0.748973] input: AT Translated Set 2 keyboard as /devices/platform/i8042/serio0/input/input2
[    0.750380] rtc_cmos rtc_cmos: rtc core: registered rtc_cmos as rtc0
[    0.751169] rtc_cmos rtc_cmos: alarms up to one day, 114 bytes nvram
[    0.751947] i2c /dev entries driver
[    0.752457] device-mapper: uevent: version 1.0.3
[    0.753154] device-mapper: ioctl: 4.34.0-ioctl (2015-10-28) initialised: dm-devel@redhat.com
[    0.754197] ledtrig-cpu: registered to indicate activity on CPUs
[    0.755170] NET: Registered protocol family 10
[    0.755859] NET: Registered protocol family 17
[    0.756424] Key type dns_resolver registered
[    0.757264] registered taskstats version 1
[    0.757882] Loading compiled-in X.509 certificates
[    0.758837] Loaded X.509 cert 'Build time autogenerated kernel key: 0ed82eac04367aa6426493b1389455ebf6830eaa'
[    0.760047] zswap: loaded using pool lzo/zbud
[    0.761783] Key type trusted registered
[    0.763892] Key type encrypted registered
[    0.764464] AppArmor: AppArmor sha1 policy hashing enabled
[    0.765164] ima: No TPM chip found, activating TPM-bypass!
[    0.765892] ima: Allocated hash algorithm: sha1
[    0.766468] evm: HMAC attrs: 0x1
[    0.767130]   Magic number: 7:15:336
[    0.767626] tty tty57: hash matches
[    0.768145] rtc_cmos rtc_cmos: setting system clock to 2019-10-15 15:20:29 UTC (1571152829)
[    0.769450] BIOS EDD facility v0.16 2004-Jun-25, 0 devices found
[    0.770143] EDD information not available.
[    0.898336] Freeing unused kernel memory: 1484K
[    0.901902] Write protecting the kernel read-only data: 14336k
[    0.908086] Freeing unused kernel memory: 1608K
[    0.912154] Freeing unused kernel memory: 64K
Loading, please wait...
starting version 229
[    0.933142] random: systemd-udevd: uninitialized urandom read (16 bytes read, 1 bits of entropy available)
[    0.933782] random: udevadm: uninitialized urandom read (16 bytes read, 1 bits of entropy available)
[    0.933798] random: udevadm: uninitialized urandom read (16 bytes read, 1 bits of entropy available)
[    0.938857] random: systemd-udevd: uninitialized urandom read (16 bytes read, 1 bits of entropy available)
[    0.939606] random: udevadm: uninitialized urandom read (16 bytes read, 1 bits of entropy available)
[    0.939637] random: udevadm: uninitialized urandom read (16 bytes read, 1 bits of entropy available)
[    0.939730] random: udevadm: uninitialized urandom read (16 bytes read, 1 bits of entropy available)
[    0.939764] random: udevadm: uninitialized urandom read (16 bytes read, 1 bits of entropy available)
[    0.939798] random: udevadm: uninitialized urandom read (16 bytes read, 1 bits of entropy available)
[    0.939830] random: udevadm: uninitialized urandom read (16 bytes read, 1 bits of entropy available)
[    0.965256] e1000: Intel(R) PRO/1000 Network Driver - version 7.3.21-k8-NAPI
[    0.966325] e1000: Copyright (c) 1999-2006 Intel Corporation.
[    0.967808] Fusion MPT base driver 3.04.20
[    0.968502] Copyright (c) 1999-2008 LSI Corporation
[    0.979354] Fusion MPT SPI Host driver 3.04.20
[    0.982198] AVX2 version of gcm_enc/dec engaged.
[    0.982880] AES CTR mode by8 optimization enabled
[    1.190634] input: ImExPS/2 Generic Explorer Mouse as /devices/platform/i8042/serio1/input/input4
[    1.761052] e1000 0000:00:03.0 eth0: (PCI:33MHz:32-bit) 02:0e:9b:2d:5b:92
[    1.762231] e1000 0000:00:03.0 eth0: Intel(R) PRO/1000 Network Connection
[    3.773822] e1000 0000:00:08.0 eth1: (PCI:33MHz:32-bit) 08:00:27:2e:f0:5e
[    3.774744] e1000 0000:00:08.0 eth1: Intel(R) PRO/1000 Network Connection
[    3.776280] mptbase: ioc0: Initiating bringup
[    3.776372] e1000 0000:00:08.0 enp0s8: renamed from eth1
[    3.785562] e1000 0000:00:03.0 enp0s3: renamed from eth0
[    3.841643] ioc0: LSI53C1030 A0: Capabilities={Initiator}
[    4.009814] scsi host2: ioc0: LSI53C1030 A0, FwRev=00000000h, Ports=1, MaxQ=256, IRQ=20
[    4.126514] scsi 2:0:0:0: Direct-Access     VBOX     HARDDISK         1.0  PQ: 0 ANSI: 5
[    4.133398] scsi target2:0:0: Beginning Domain Validation
[    4.142464] scsi target2:0:0: Domain Validation skipping write tests
[    4.145234] scsi target2:0:0: Ending Domain Validation
[    4.147259] scsi target2:0:0: asynchronous
[    4.150158] scsi 2:0:1:0: Direct-Access     VBOX     HARDDISK         1.0  PQ: 0 ANSI: 5
[    4.152629] scsi target2:0:1: Beginning Domain Validation
[    4.167517] scsi target2:0:1: Domain Validation skipping write tests
[    4.168580] scsi target2:0:1: Ending Domain Validation
[    4.169590] scsi target2:0:1: asynchronous
[    4.175323] sd 2:0:0:0: [sda] 20971520 512-byte logical blocks: (10.7 GB/10.0 GiB)
[    4.175474] sd 2:0:0:0: Attached scsi generic sg0 type 0
[    4.177701] sd 2:0:0:0: [sda] Write Protect is off
[    4.177880] sd 2:0:1:0: Attached scsi generic sg1 type 0
[    4.179194] sd 2:0:1:0: [sdb] 20480 512-byte logical blocks: (10.5 MB/10.0 MiB)
[    4.180414] sd 2:0:0:0: [sda] Incomplete mode parameter data
[    4.181268] sd 2:0:0:0: [sda] Assuming drive cache: write through
[    4.181462] sd 2:0:1:0: [sdb] Write Protect is off
[    4.181725] sd 2:0:1:0: [sdb] Incomplete mode parameter data
[    4.181726] sd 2:0:1:0: [sdb] Assuming drive cache: write through
[    4.194348]  sda: sda1
[    4.198903] sd 2:0:0:0: [sda] Attached SCSI disk
[    4.199049] sd 2:0:1:0: [sdb] Attached SCSI disk
Begin: Loading essential drivers ... [    5.483950] md: linear personality registered for level -1
[    5.486509] md: multipath personality registered for level -4
[    5.489038] md: raid0 personality registered for level 0
[    5.492158] md: raid1 personality registered for level 1
[    5.560934] raid6: sse2x1   gen() 12973 MB/s
[    5.629236] raid6: sse2x1   xor()  9001 MB/s
[    5.696608] raid6: sse2x2   gen() 18090 MB/s
[    5.764897] raid6: sse2x2   xor() 12476 MB/s
[    5.833246] raid6: sse2x4   gen() 20038 MB/s
[    5.900587] raid6: sse2x4   xor() 12312 MB/s
[    5.968877] raid6: avx2x1   gen() 25657 MB/s
[    6.037214] raid6: avx2x2   gen() 32586 MB/s
[    6.104588] raid6: avx2x4   gen() 36503 MB/s
[    6.105310] raid6: using algorithm avx2x4 gen() 36503 MB/s
[    6.106075] raid6: using avx2x2 recovery algorithm
[    6.108159] xor: automatically using best checksumming function:
[    6.148589]    avx       : 32194.000 MB/sec
[    6.150018] async_tx: api initialized (async)
[    6.156997] md: raid6 personality registered for level 6
[    6.157730] md: raid5 personality registered for level 5
[    6.158477] md: raid4 personality registered for level 4
[    6.163379] md: raid10 personality registered for level 10
done.
Begin: Running /scripts/init-premount ... done.
Begin: Mounting root file system ... Begin: Running /scripts/local-top ... done.
Begin: Running /scripts/local-premount ... [    6.184635] Btrfs loaded
Scanning for Btrfs filesystems
done.
Warning: fsck not present, so skipping root file system
[    6.205387] EXT4-fs (sda1): mounted filesystem with ordered data mode. Opts: (null)
done.
Begin: Running /scripts/local-bottom ... done.
Begin: Running /scripts/init-bottom ... done.
[    6.269373] systemd[1]: systemd 229 running in system mode. (+PAM +AUDIT +SELINUX +IMA +APPARMOR +SMACK +SYSVINIT +UTMP +LIBCRYPTSETUP +GCRYPT +GNUTLS +ACL +XZ -LZ4 +SECCOMP +BLKID +ELFUTILS +KMOD -IDN)
[    6.272820] systemd[1]: Detected virtualization oracle.
[    6.273539] systemd[1]: Detected architecture x86-64.

Welcome to [1mUbuntu 16.04.6 LTS[0m!

[    6.275862] systemd[1]: Set hostname to <ubuntu>.
[    6.277532] systemd[1]: Initializing machine ID from random generator.
[    6.278337] systemd[1]: Installed transient /etc/machine-id file.
[    6.375436] systemd[1]: Reached target Swap.
[[0;32m  OK  [0m] Reached target Swap.
[    6.376737] systemd[1]: Reached target Encrypted Volumes.
[[0;32m  OK  [0m] Reached target Encrypted Volumes.
[    6.378137] systemd[1]: Listening on Device-mapper event daemon FIFOs.
[[0;32m  OK  [0m] Listening on Device-mapper event daemon FIFOs.
[    6.379658] systemd[1]: Started Trigger resolvconf update for networkd DNS.
[[0;32m  OK  [0m] Started Trigger resolvconf update for networkd DNS.
[    6.381161] systemd[1]: Reached target System Time Synchronized.
[[0;32m  OK  [0m] Reached target System Time Synchronized.
[    6.382663] systemd[1]: Created slice System Slice.
[[0;32m  OK  [0m] Created slice System Slice.
[    6.384070] systemd[1]: Created slice system-serial\x2dgetty.slice.
[[0;32m  OK  [0m] Created slice system-serial\x2dgetty.slice.
[    6.385508] systemd[1]: Started Forward Password Requests to Wall Directory Watch.
[[0;32m  OK  [0m] Started Forward Password Requests to Wall Directory Watch.
[    6.387224] systemd[1]: Reached target User and Group Name Lookups.
[[0;32m  OK  [0m] Reached target User and Group Name Lookups.
[    6.388669] systemd[1]: Listening on Syslog Socket.
[[0;32m  OK  [0m] Listening on Syslog Socket.
[    6.389827] systemd[1]: Listening on Journal Socket (/dev/log).
[[0;32m  OK  [0m] Listening on Journal Socket (/dev/log).
[    6.391284] systemd[1]: Set up automount Arbitrary Executable File Formats File System Automount Point.
[[0;32m  OK  [0m] Set up automount Arbitrary Executab...ats File System Automount Point.
[    6.393266] systemd[1]: Listening on udev Kernel Socket.
[[0;32m  OK  [0m] Listening on udev Kernel Socket.
[    6.394709] systemd[1]: Created slice User and Session Slice.
[[0;32m  OK  [0m] Created slice User and Session Slice.
[    6.396089] systemd[1]: Reached target Slices.
[[0;32m  OK  [0m] Reached target Slices.
[    6.397318] systemd[1]: Listening on Journal Socket.
[[0;32m  OK  [0m] Listening on Journal Socket.
[    6.413126] systemd[1]: Starting Load Kernel Modules...
         Starting Load Kernel Modules...
[    6.420701] Loading iSCSI transport class v2.0-870.
[    6.421064] systemd[1]: Starting Uncomplicated firewall...
         Starting Uncomplicated firewall...
[    6.426825] iscsi: registered transport (tcp)
[    6.428990] systemd[1]: Mounting POSIX Message Queue File System...
         Mounting POSIX Message Queue File System...
[    6.437500] systemd[1]: Mounting Debug File System...
         Mounting Debug File System...
[    6.439508] systemd[1]: Starting Remount Root and Kernel File Systems...
         Starting Remount Root and Kernel File Systems...
[    6.442302] systemd[1]: Starting Set console keymap...
[    6.443456] EXT4-fs (sda1): re-mounted. Opts: (null)
         Starting Set console keymap...
[    6.444815] systemd[1]: Listening on LVM2 metadata daemon socket.
[[0;32m  OK  [0m] Listening on LVM2 metadata daemon socket.
[    6.447736] systemd[1]: Starting Monitoring of LVM2 mirrors, snapshots etc. using dmeventd or progress polling...
         Starting Monitoring of LVM2 mirrors... dmeventd or progress polling...
[    6.455319] systemd[1]: Listening on udev Control Socket.
[[0;32m  OK  [0m] Listening on udev Control Socket.
[    6.457223] systemd[1]: Listening on Journal Audit Socket.
[[0;32m  OK  [0m] Listening on Journal Audit Socket.
[    6.459225] systemd[1]: Listening on /dev/initctl Compatibility Named Pipe.
[[0;32m  OK  [0m] Listening on /dev/initctl Compatibility Named Pipe.
[    6.462613] systemd[1]: Starting Nameserver information manager...
         Starting Nameserver information manager...
[    6.468034] systemd[1]: Mounting Huge Pages File System...
         Mounting Huge Pages File System...
[    6.469761] systemd[1]: Listening on LVM2 poll daemon socket.
[[0;32m  OK  [0m] Listening on LVM2 poll daemon socket.
[    6.472035] systemd[1]: Starting Create list of required static device nodes for the current kernel...
[    6.474886] iscsi: registered transport (iser)
         Starting Create list of required st... nodes for the current kernel...
[    6.478705] systemd[1]: Starting Journal Service...
         Starting Journal Service...
[    6.481478] systemd[1]: Mounted POSIX Message Queue File System.
[[0;32m  OK  [0m] Mounted POSIX Message Queue File System.
[    6.483267] systemd[1]: Mounted Debug File System.
[[0;32m  OK  [0m] Mounted Debug File System.
[    6.484819] systemd[1]: Mounted Huge Pages File System.
[[0;32m  OK  [0m] Mounted Huge Pages File System.
[    6.491389] systemd[1]: Started Load Kernel Modules.
[[0;32m  OK  [0m] Started Load Kernel Modules.
[    6.494358] systemd[1]: Started Uncomplicated firewall.
[[0;32m  OK  [0m] Started Uncomplicated firewall.
[    6.496730] systemd[1]: Started Remount Root and Kernel File Systems.
[[0;32m  OK  [0m] Started Remount Root and Kernel File Systems.
[    6.501128] systemd[1]: Started Set console keymap.
[[0;32m  OK  [0m] Started Set console keymap.
[    6.503614] systemd[1]: Started Create list of required static device nodes for the current kernel.
[[0;32m  OK  [0m] Started Create list of required sta...ce nodes for the current kernel.
[    6.506712] systemd[1]: Started Nameserver information manager.
[[0;32m  OK  [0m] Started Nameserver information manager.
[    6.518363] systemd[1]: Started Journal Service.
[[0;32m  OK  [0m] Started Journal Service.
[[0;32m  OK  [0m] Started LVM2 metadata daemon.
         Starting Create Static Device Nodes in /dev...
         Starting udev Coldplug all Devices...
         Starting Load/Save Random Seed...
         Starting Flush Journal to Persistent Storage...
         Starting Apply Kernel Variables...
         Mounting FUSE Control File System...
[[0;32m  OK  [0m] Started Create Static Device Nodes in /dev.
[[0;32m  OK  [0m] Started Load/Save Random Seed.
[[0;32m  OK  [0m] Mounted FUSE Control File System.
[[0;32m  OK  [0m] Started Apply Kernel Variables.
[[0;32m  OK  [0m] Started Flush Journal to Persistent Storage.
[[0;32m  OK  [0m] Started udev Coldplug all Devices.
         Starting udev Kernel Device Manager...
[[0;32m  OK  [0m] Started udev Kernel Device Manager.
[[0;32m  OK  [0m] Started Dispatch Password Requests to Console Directory Watch.
[[0;32m  OK  [0m] Found device /dev/ttyS0.
[[0;32m  OK  [0m] Listening on Load/Save RF Kill Switch Status /dev/rfkill Watch.
[[0;32m  OK  [0m] Started Monitoring of LVM2 mirrors,...ng dmeventd or progress polling.
[[0;32m  OK  [0m] Reached target Local File Systems (Pre).
[[0;32m  OK  [0m] Reached target Local File Systems.
         Starting Set console font and keymap...
         Starting Initial cloud-init job (pre-networking)...
         Starting LSB: AppArmor initialization...
         Starting Create Volatile Files and Directories...
         Starting Tell Plymouth To Write Out Runtime Data...
         Starting Commit a transient machine-id on disk...
[[0;32m  OK  [0m] Started Create Volatile Files and Directories.
[[0;32m  OK  [0m] Started Tell Plymouth To Write Out Runtime Data.
[[0;32m  OK  [0m] Started Commit a transient machine-id on disk.
         Starting Update UTMP about System Boot/Shutdown...
[[0;32m  OK  [0m] Started Update UTMP about System Boot/Shutdown.
[[0;32m  OK  [0m] Started Set console font and keymap.
[[0;32m  OK  [0m] Created slice system-getty.slice.
[[0;32m  OK  [0m] Started LSB: AppArmor initialization.
[    7.771895] cloud-init[633]: Cloud-init v. 19.2-36-g059d049c-0ubuntu1~16.04.1 running 'init-local' at Tue, 15 Oct 2019 15:20:36 +0000. Up 7.49 seconds.
[[0;32m  OK  [0m] Started Initial cloud-init job (pre-networking).
[[0;32m  OK  [0m] Reached target Network (Pre).
         Starting Raise network interfaces...
[[0;32m  OK  [0m] Started Raise network interfaces.
[[0;32m  OK  [0m] Reached target Network.
         Starting Initial cloud-init job (metadata service crawler)...
[    8.523585] cloud-init[967]: Cloud-init v. 19.2-36-g059d049c-0ubuntu1~16.04.1 running 'init' at Tue, 15 Oct 2019 15:20:37 +0000. Up 8.17 seconds.
[    8.536397] cloud-init[967]: ci-info: ++++++++++++++++++++++++++++++++++++++Net device info++++++++++++++++++++++++++++++++++++++
[    8.544253] cloud-init[967]: ci-info: +--------+-------+---------------------------+---------------+--------+-------------------+
[    8.545077] cloud-init[967]: ci-info: | Device |   Up  |          Address          |      Mask     | Scope  |     Hw-Address    |
[    8.545858] cloud-init[967]: ci-info: +--------+-------+---------------------------+---------------+--------+-------------------+
[    8.546918] cloud-init[967]: ci-info: | enp0s3 |  True |         10.0.2.15         | 255.255.255.0 | global | 02:0e:9b:2d:5b:92 |
[    8.548036] cloud-init[967]: ci-info: | enp0s3 |  True | fe80::e:9bff:fe2d:5b92/64 |       .       |  link  | 02:0e:9b:2d:5b:92 |
[    8.549142] cloud-init[967]: ci-info: | enp0s8 | False |             .             |       .       |   .    | 08:00:27:2e:f0:5e |
[    8.552991] cloud-init[967]: ci-info: |   lo   |  True |         127.0.0.1         |   255.0.0.0   |  host  |         .         |
[    8.553947] cloud-init[967]: ci-info: |   lo   |  True |          ::1/128          |       .       |  host  |         .         |
[    8.555019] cloud-init[967]: ci-info: +--------+-------+---------------------------+---------------+--------+-------------------+
[    8.556425] cloud-init[967]: ci-info: +++++++++++++++++++++++++++Route IPv4 info++++++++++++++++++++++++++++
[    8.557852] cloud-init[967]: ci-info: +-------+-------------+----------+---------------+-----------+-------+
[    8.560658] cloud-init[967]: ci-info: | Route | Destination | Gateway  |    Genmask    | Interface | Flags |
[    8.561594] cloud-init[967]: ci-info: +-------+-------------+----------+---------------+-----------+-------+
[    8.564757] cloud-init[967]: ci-info: |   0   |   0.0.0.0   | 10.0.2.2 |    0.0.0.0    |   enp0s3  |   UG  |
[    8.565689] cloud-init[967]: ci-info: |   1   |   10.0.2.0  | 0.0.0.0  | 255.255.255.0 |   enp0s3  |   U   |
[[0;32m  OK  [0m] Started Initial cloud-init job (metadata service crawler).
[[    8.572860] [0;32m  OK  [0mcloud-init] [967]: Reached target Cloud-config availability.ci-info: +-------+-------------+----------+---------------+-----------+-------+

[[    8.574643] [0;32m  OK  [0mcloud-init] [967]: Reached target Network is Online.ci-info: +++++++++++++++++++Route IPv6 info+++++++++++++++++++

[    8.580691] cloud-init[967]: ci-info: +-------+-------------+---------+-----------+-------+
[    8.601147] cloud-init[967]: ci-info: | Route | Destination | Gateway | Interface | Flags |
         Starting iSCSI initiator daemon (iscsid)...
[    8.601405] cloud-init[967]: ci-info: +-------+-------------+---------+-----------+-------+
[    8.602731] cloud-init[967]: ci-info: |   0   |  fe80::/64  |    ::   |   enp0s3  |   U   |
[    8.602770] cloud-init[967]: ci-info: |   3   |   ff00::/8  |    ::   |   enp0s3  |   U   |
[    8.602796] cloud-init[967]: ci-info: +-------+-------------+---------+-----------+-------+
[    8.602821] cloud-init[967]: Generating public/private rsa key pair.
[    8.602860] cloud-init[967]: Your identification has been saved in /etc/ssh/ssh_host_rsa_key.
[    8.602889] cloud-init[967]: Your public key has been saved in /etc/ssh/ssh_host_rsa_key.pub.
[[0;32m  OK  [0m] Reached target System Initialization.
[    8.602920] cloud-init[967]: The key fingerprint is:
[    8.606902] cloud-init[967]: SHA256:1fJWWa0JMDi+ROwCVUNENoG8jw8PZI/2zwV3HKy+DvE root@ubuntu-xenial
[    8.606944] cloud-init[967]: The key's randomart image is:
[    8.607061] cloud-init[967]: +---[RSA 2048]----+
[    8.607128] cloud-init[967]: |     o.BXoo.    o|
[    8.607247] cloud-init[967]: |    . o.=o o.. o.|
[    8.607396] cloud-init[967]: |     . = .o ..=o |
[[0;32m  OK  [0m] Listening on UUID daemon activation socket.
[[    8.607445] [0;32m  OK  [0mcloud-init] [967]: Started Daily apt download activities.|      = +. o +o. |

[    8.621249] cloud-init[967]: |     o BS.o = o  |
         Starting LXD - unix socket.
[    8.637589] cloud-init[967]: |      * +  B .   |
[    8.639997] [[0;32m  OK  [0m] Listening on D-Bus System Message Bus Socket.
cloud-init[967]: |     . *  . E    |
[[0;32m  OK  [0m] Started ACPI Events Check.
[[0;32m  OK  [0m] Reached target Paths.
[[0;32m  OK  [0m] Started Daily Cleanup of Temporary Directories.
[[0;32m  OK  [0m] Listening on ACPID Listen Socket.
         Starting Socket activation for snappy daemon.[    8.643387] cloud-init[967]: |        +. o .   |
[    8.647496] 
cloud-init[967]: |         .o.o    |
[    8.660783] cloud-init[967]: +----[SHA256]-----+
[    8.661013] cloud-init[967]: [Generating public/private dsa key pair.[0;32m  OK  [0m
] Started Daily apt upgrade and clean activities.
[[    8.661059] [0;32m  OK  [0mcloud-init] [967]: Reached target Timers.Your identification has been saved in /etc/ssh/ssh_host_dsa_key.

[    8.669246] cloud-init[967]: Your public key has been saved in /etc/ssh/ssh_host_dsa_key.pub.
[    8.670197] cloud-init[967]: The key fingerprint is:
[    8.670695] cloud-init[967]: SHA256:xlOuiAJ8vw7L0135Mm49JgebzVRxnugoy5JeKUEgGFQ root@ubuntu-xenial
[    8.671595] cloud-init[967]: The key's randomart image is:
[    8.672286] cloud-init[967]: +---[DSA 1024]----+
[    8.684222] cloud-init[967]: |.o+E .           |
[    8.684855] cloud-init[967]: | .  . .      . . |
[    8.693091] cloud-init[967]: |       .  .   = .|
[    8.693621] cloud-init[967]: |.     .. o   o o |
[    8.694163] cloud-init[967]: |.. .   .S o +    |
[    8.700472] cloud-init[967]: | .. .. o.B.o .   |
[    8.701082] cloud-init[967]: |  ..o.o.=o%      |
[    8.713028] cloud-init[967]: |  .oo..+oX O     |
[[0;32m  OK  [0m] Listening on LXD - unix socket.
[[0;32m  OK  [0m] Listening on Socket activation for snappy daemon.
[    8.744008] cloud-init[967]: |   ooo..+.* .    |
[    8.756845] [cloud-init[0;32m  OK  [0m[967]: ] +----[SHA256]-----+Started iSCSI initiator daemon (iscsid).

[    8.757441] cloud-init[967]: Generating public/private ecdsa key pair.
[    8.758581] cloud-init[967]: Your identification has been saved in /etc/ssh/ssh_host_ecdsa_key.
[    8.764726] cloud-init[967]: Your public key has been saved in /etc/ssh/ssh_host_ecdsa_key.pub.
[    8.772630] cloud-init[967]: The key fingerprint is:
[    8.785157] cloud-init[967]: SHA256:pZX6jHzLBtprettW3si+dzqfW+vtXRUx6vEzv26KSfQ root@ubuntu-xenial
[    8.785649] cloud-init[967]: The key's randomart image is:
[    8.785852] cloud-init[967]: +---[ECDSA 256]---+
[    8.786006] cloud-init[967]: |               o |
[    8.786115] cloud-init[967]: |           .  . o|
[    8.786138] cloud-init[967]: |          +  o . |
[    8.786297] cloud-init[967]: |         =  . o .|
[    8.786449] cloud-init[967]: |        S  . . +.|
[    8.786508] cloud-init[967]: |       ..+. o   =|
[    8.786667] cloud-init[967]: |       oo.+= E  +|
[    8.786721] cloud-init[967]: |      . +++.* +.X|
[    8.786780] cloud-init[967]: |      .+o=++o+*&*|
[    8.786853] cloud-init[967]: +----[SHA256]-----+
[    8.786925] cloud-init[967]: Generating public/private ed25519 key pair.
[    8.786983] cloud-init[967]: Your identification has been saved in /etc/ssh/ssh_host_ed25519_key.
[    8.787073] cloud-init[967]: Your public key has been saved in /etc/ssh/ssh_host_ed25519_key.pub.
[    8.787094] cloud-init[967]: The key fingerprint is:
[    8.787251] cloud-init[967]: SHA256:vt07JmZmra1EBRa1WfuOmGCoBRJSbX2Cu4WfUZXqAJA root@ubuntu-xenial
[    8.787403] cloud-init[967]: The key's randomart image is:
[    8.787446] cloud-init[967]: +--[ED25519 256]--+
[    8.787581] cloud-init[967]: |  ..++ o  ++o..  |
[    8.787794] cloud-init[967]: |   .E.= o.o..+ . |
[    8.788184] cloud-init[967]: |    ...+ + .+ .  |
[    8.788476] cloud-init[967]: |     .o.+...   . |
[    8.788773] cloud-init[967]: |       +S=+     .|
[    8.788964] cloud-init[967]: |      .+oo.. o o |
[    8.789157] cloud-init[967]: |      . . ..o . .|
[    8.789352] cloud-init[967]: |         +*o+    |
[    8.789696] cloud-init[967]: |        .=+=+o   |
[    8.789885] cloud-init[967]: +----[SHA256]-----+
         Starting Login to default iSCSI targets...
[[0;32m  OK  [0m] Reached target Sockets.
[[0;32m  OK  [0m] Reached target Basic System.
         Starting System Logging Service...
[[0;32m  OK  [0m] Started Regular background program processing daemon.
         Starting LSB: Record successful boot for GRUB...
         Starting Virtualbox guest utils...
         Starting Pollinate to seed the pseudo random number generator...
[[0;32m  OK  [0m] Started D-Bus System Message Bus.
[[0;32m  OK  [0m] Started ACPI event daemon.
         Starting LSB: MD monitoring daemon...
[[0;32m  OK  [0m] Started Deferred execution scheduler.
         Starting Accounts Service...
         Starting /etc/rc.local Compatibility...
[[0;32m  OK  [0m] Started FUSE filesystem for LXC.
         Starting Snappy daemon...
         Starting Login Service...
         Starting LXD - container startup/shutdown...
[[0;32m  OK  [0m] Started System Logging Service.
[[0;32m  OK  [0m] Started /etc/rc.local Compatibility.
[[0;32m  OK  [0m] Started LSB: Record successful boot for GRUB.
[[0;32m  OK  [0m] Started Login to default iSCSI targets.
[[0;32m  OK  [0m] Started Login Service.
[[0;32m  OK  [0m] Started Unattended Upgrades Shutdown.
         Starting Authenticate and Authorize Users to Run Privileged Tasks...
[[0;32m  OK  [0m] Reached target Remote File Systems (Pre).
[[0;32m  OK  [0m] Reached target Remote File Systems.
         Starting LSB: daemon to balance interrupts for SMP systems...
         Starting LSB: automatic crash report generation...
         Starting LSB: Set the CPU Frequency Scaling governor to "ondemand"...
         Starting Permit User Sessions...
[[0;32m  OK  [0m] Started Virtualbox guest utils.
[[0;32m  OK  [0m] Started LSB: MD monitoring daemon.
[[0;32m  OK  [0m] Started Permit User Sessions.
[[0;32m  OK  [0m] Started LXD - container startup/shutdown.
[[0;32m  OK  [0m] Started Authenticate and Authorize Users to Run Privileged Tasks.
[[0;32m  OK  [0m] Started Accounts Service.
[[0;32m  OK  [0m] Started LSB: Set the CPU Frequency Scaling governor to "ondemand".
[[0;32m  OK  [0m] Started LSB: daemon to balance interrupts for SMP systems.
         Starting Hold until boot process finishes up...
         Starting Terminate Plymouth Boot Screen...
[[0;32m  OK  [0m] Started LSB: automatic crash report generation.
[[0;32m  OK  [0m] Started Hold until boot process finishes up.
[[0;32m  OK  [0m] Started Terminate Plymouth Boot Screen.
         Starting Set console scheme...
[[0;32m  OK  [0m] Started Serial Getty on ttyS0.
[[0;32m  OK  [0m] Started Getty on tty1.
[[0;32m  OK  [0m] Reached target Login Prompts.
[[0;32m  OK  [0m] Started Set console scheme.
[[0;32m  OK  [0m] Started Snappy daemon.
[[0;32m  OK  [0m] Started Pollinate to seed the pseudo random number generator.
         Starting OpenBSD Secure Shell server...
         Starting Wait until snapd is fully seeded...
[[0;32m  OK  [0m] Started OpenBSD Secure Shell server.
[[0;32m  OK  [0m] Started Wait until snapd is fully seeded.
         Starting Apply the settings specified in cloud-config...
[[0;32m  OK  [0m] Reached target Multi-User System.
[[0;32m  OK  [0m] Reached target Graphical Interface.
         Starting Update UTMP about System Runlevel Changes...
[[0;32m  OK  [0m] Started Update UTMP about System Runlevel Changes.
[    9.998805] cloud-init[1321]: Generating locales (this might take a while)...
[   10.585109] cloud-init[1321]:   en_US.UTF-8... done
[   10.593183] cloud-init[1321]: Generation complete.
[   10.759577] cloud-init[1321]: Cloud-init v. 19.2-36-g059d049c-0ubuntu1~16.04.1 running 'modules:config' at Tue, 15 Oct 2019 15:20:38 +0000. Up 9.93 seconds.
[[0;32m  OK  [0m] Started Apply the settings specified in cloud-config.
         Starting Execute cloud user/final scripts...
ci-info: no authorized ssh keys fingerprints found for user ubuntu.
<14>Oct 15 15:20:40 ec2: 
<14>Oct 15 15:20:40 ec2: #############################################################
<14>Oct 15 15:20:40 ec2: -----BEGIN SSH HOST KEY FINGERPRINTS-----
<14>Oct 15 15:20:40 ec2: 1024 SHA256:xlOuiAJ8vw7L0135Mm49JgebzVRxnugoy5JeKUEgGFQ root@ubuntu-xenial (DSA)
<14>Oct 15 15:20:40 ec2: 256 SHA256:pZX6jHzLBtprettW3si+dzqfW+vtXRUx6vEzv26KSfQ root@ubuntu-xenial (ECDSA)
<14>Oct 15 15:20:40 ec2: 256 SHA256:vt07JmZmra1EBRa1WfuOmGCoBRJSbX2Cu4WfUZXqAJA root@ubuntu-xenial (ED25519)
<14>Oct 15 15:20:40 ec2: 2048 SHA256:1fJWWa0JMDi+ROwCVUNENoG8jw8PZI/2zwV3HKy+DvE root@ubuntu-xenial (RSA)
<14>Oct 15 15:20:40 ec2: -----END SSH HOST KEY FINGERPRINTS-----
<14>Oct 15 15:20:40 ec2: #############################################################
-----BEGIN SSH HOST KEY KEYS-----
ecdsa-sha2-nistp256 AAAAE2VjZHNhLXNoYTItbmlzdHAyNTYAAAAIbmlzdHAyNTYAAABBBGp0Txq5QAVlj11wfjkgNuT/su8L8Jqt73ErzSB5WjbSQHNCjuBjn8FDfE68yUW5g3RlNsEJYqeR673VpWcUBOw= root@ubuntu-xenial
ssh-ed25519 AAAAC3NzaC1lZDI1NTE5AAAAIC10eBeNZu4LADGuXd1MpWHv6h9BROwPLLU0O4wkRgT0 root@ubuntu-xenial
ssh-rsa AAAAB3NzaC1yc2EAAAADAQABAAABAQC2WYbniNfgg+XDoF72cZn/7GhBgRJwkOhOokYLK37GiU3TtcMzkG8V7SiD4U3Upo8pfq4BCf3po8J07U/nTuAfSnckWAaq3SoBaqDtoiuuethXJPnbGU+xclH9BZoRxewTlgdDHIJxyrE2RuECaTFLobOvnvQSQpdk7ubYe0Wyak2x1Z/3ih0J8gGZQSnCtj0JzzQmV0m8Tt75Ybkv7m6Tg0h6Tm8exJM2X5QpixLQ80MzRkU/jYXpJh/ZY94lYQGNPICxHqIc1d9KAF0Gn56U4I3ivNCAI1fHwYmR8ULkJF1WcZ0v3tbQycNKMK9GWCj4qYvRfzvkB212d9odAohV root@ubuntu-xenial
-----END SSH HOST KEY KEYS-----
[   11.070820] cloud-init[1364]: Cloud-init v. 19.2-36-g059d049c-0ubuntu1~16.04.1 running 'modules:final' at Tue, 15 Oct 2019 15:20:39 +0000. Up 10.97 seconds.
[   11.076710] cloud-init[1364]: ci-info: no authorized ssh keys fingerprints found for user ubuntu.
[   11.077602] cloud-init[1364]: Cloud-init v. 19.2-36-g059d049c-0ubuntu1~16.04.1 finished at Tue, 15 Oct 2019 15:20:40 +0000. Datasource DataSourceNoCloud [seed=/dev/sdb][dsmode=net].  Up 11.06 seconds
[[0;32m  OK  [0m] Started Execute cloud user/final scripts.
[[0;32m  OK  [0m] Reached target Cloud-init target.

Ubuntu 16.04.6 LTS ubuntu-xenial ttyS0

ubuntu-xenial login: 